<?xml version="1.0" encoding="UTF-8"?>
<testng-results skipped="0" failed="0" ignored="0" total="1" passed="1">
  <reporter-output>
  </reporter-output>
  <suite name="Suite" duration-ms="141" started-at="2020-08-08T07:27:12Z" finished-at="2020-08-08T07:27:12Z">
    <groups>
    </groups>
    <test name="Test" duration-ms="141" started-at="2020-08-08T07:27:12Z" finished-at="2020-08-08T07:27:12Z">
      <class name="testNgAttributes.TestNGParameters">
        <test-method status="PASS" signature="launchBrowser(java.lang.String)[pri:0, instance:testNgAttributes.TestNGParameters@6cc4c815]" name="launchBrowser" duration-ms="46" started-at="2020-08-08T12:57:12Z" finished-at="2020-08-08T12:57:12Z">
          <params>
            <param index="0">
              <value>
                <![CDATA[Edge]]>
              </value>
            </param>
          </params>
          <reporter-output>
          </reporter-output>
        </test-method> <!-- launchBrowser -->
      </class> <!-- testNgAttributes.TestNGParameters -->
    </test> <!-- Test -->
  </suite> <!-- Suite -->
</testng-results>
