<?xml version="1.0" encoding="UTF-8"?>
<!-- Generated by org.testng.reporters.JUnitXMLReporter -->
<testsuite hostname="DERIW42SLPC1327" ignored="0" name="Module 1" tests="5" failures="0" timestamp="08 Aug 2020 06:18:57 GMT" time="0.184" errors="0">
  <testcase name="test1" time="0.031" classname="basicAnnotations.TestNgClass2"/>
  <testcase name="test2" time="0.005" classname="basicAnnotations.TestNgClass2"/>
  <testcase name="test1" time="0.003" classname="basicAnnotations.TestNGFirstClass"/>
  <testcase name="test2" time="0.005" classname="basicAnnotations.TestNGFirstClass"/>
  <testcase name="test3" time="0.006" classname="basicAnnotations.TestNGFirstClass"/>
</testsuite> <!-- Module 1 -->
