<?xml version="1.0" encoding="UTF-8"?>
<!-- Generated by org.testng.reporters.JUnitXMLReporter -->
<testsuite hostname="DERIW42SLPC1327" ignored="0" name="Module 2" tests="4" failures="0" timestamp="08 Aug 2020 06:18:57 GMT" time="0.089" errors="0">
  <testcase name="test1" time="0.006" classname="basicAnnotations.TestNgClass3"/>
  <testcase name="test2" time="0.009" classname="basicAnnotations.TestNgClass3"/>
  <testcase name="test1" time="0.011" classname="basicAnnotations.TestNgClass4"/>
  <testcase name="test2" time="0.004" classname="basicAnnotations.TestNgClass4"/>
</testsuite> <!-- Module 2 -->
