<?xml version="1.0" encoding="UTF-8"?>
<testng-results skipped="0" failed="0" ignored="0" total="9" passed="9">
  <reporter-output>
  </reporter-output>
  <suite name="Suite" duration-ms="614" started-at="2020-08-08T06:18:56Z" finished-at="2020-08-08T06:18:57Z">
    <groups>
    </groups>
    <test name="Module 1" duration-ms="184" started-at="2020-08-08T06:18:56Z" finished-at="2020-08-08T06:18:56Z">
      <class name="basicAnnotations.TestNGFirstClass">
        <test-method status="PASS" signature="beforeClass()[pri:0, instance:basicAnnotations.TestNGFirstClass@5419f379]" name="beforeClass" is-config="true" duration-ms="1" started-at="2020-08-08T11:48:56Z" finished-at="2020-08-08T11:48:56Z">
          <reporter-output>
          </reporter-output>
        </test-method> <!-- beforeClass -->
        <test-method status="PASS" signature="beforeMethod()[pri:0, instance:basicAnnotations.TestNGFirstClass@5419f379]" name="beforeMethod" is-config="true" duration-ms="0" started-at="2020-08-08T11:48:56Z" finished-at="2020-08-08T11:48:56Z">
          <reporter-output>
          </reporter-output>
        </test-method> <!-- beforeMethod -->
        <test-method status="PASS" signature="test1()[pri:0, instance:basicAnnotations.TestNGFirstClass@5419f379]" name="test1" duration-ms="3" started-at="2020-08-08T11:48:56Z" finished-at="2020-08-08T11:48:56Z">
          <reporter-output>
          </reporter-output>
        </test-method> <!-- test1 -->
        <test-method status="PASS" signature="afterMethod()[pri:0, instance:basicAnnotations.TestNGFirstClass@5419f379]" name="afterMethod" is-config="true" duration-ms="5" started-at="2020-08-08T11:48:56Z" finished-at="2020-08-08T11:48:56Z">
          <reporter-output>
          </reporter-output>
        </test-method> <!-- afterMethod -->
        <test-method status="PASS" signature="beforeMethod()[pri:0, instance:basicAnnotations.TestNGFirstClass@5419f379]" name="beforeMethod" is-config="true" duration-ms="1" started-at="2020-08-08T11:48:56Z" finished-at="2020-08-08T11:48:56Z">
          <reporter-output>
          </reporter-output>
        </test-method> <!-- beforeMethod -->
        <test-method status="PASS" signature="test2()[pri:0, instance:basicAnnotations.TestNGFirstClass@5419f379]" name="test2" duration-ms="5" started-at="2020-08-08T11:48:56Z" finished-at="2020-08-08T11:48:56Z">
          <reporter-output>
          </reporter-output>
        </test-method> <!-- test2 -->
        <test-method status="PASS" signature="afterMethod()[pri:0, instance:basicAnnotations.TestNGFirstClass@5419f379]" name="afterMethod" is-config="true" duration-ms="0" started-at="2020-08-08T11:48:56Z" finished-at="2020-08-08T11:48:56Z">
          <reporter-output>
          </reporter-output>
        </test-method> <!-- afterMethod -->
        <test-method status="PASS" signature="beforeMethod()[pri:0, instance:basicAnnotations.TestNGFirstClass@5419f379]" name="beforeMethod" is-config="true" duration-ms="1" started-at="2020-08-08T11:48:56Z" finished-at="2020-08-08T11:48:56Z">
          <reporter-output>
          </reporter-output>
        </test-method> <!-- beforeMethod -->
        <test-method status="PASS" signature="test3()[pri:0, instance:basicAnnotations.TestNGFirstClass@5419f379]" name="test3" duration-ms="6" started-at="2020-08-08T11:48:56Z" finished-at="2020-08-08T11:48:56Z">
          <reporter-output>
          </reporter-output>
        </test-method> <!-- test3 -->
        <test-method status="PASS" signature="afterMethod()[pri:0, instance:basicAnnotations.TestNGFirstClass@5419f379]" name="afterMethod" is-config="true" duration-ms="2" started-at="2020-08-08T11:48:56Z" finished-at="2020-08-08T11:48:56Z">
          <reporter-output>
          </reporter-output>
        </test-method> <!-- afterMethod -->
        <test-method status="PASS" signature="afterClass()[pri:0, instance:basicAnnotations.TestNGFirstClass@5419f379]" name="afterClass" is-config="true" duration-ms="26" started-at="2020-08-08T11:48:56Z" finished-at="2020-08-08T11:48:56Z">
          <reporter-output>
          </reporter-output>
        </test-method> <!-- afterClass -->
      </class> <!-- basicAnnotations.TestNGFirstClass -->
      <class name="basicAnnotations.TestNgClass2">
        <test-method status="PASS" signature="beforeModule1()[pri:0, instance:basicAnnotations.TestNgClass2@7dc7cbad]" name="beforeModule1" is-config="true" duration-ms="0" started-at="2020-08-08T11:48:56Z" finished-at="2020-08-08T11:48:56Z">
          <reporter-output>
          </reporter-output>
        </test-method> <!-- beforeModule1 -->
        <test-method status="PASS" signature="test1()[pri:0, instance:basicAnnotations.TestNgClass2@7dc7cbad]" name="test1" duration-ms="31" started-at="2020-08-08T11:48:56Z" finished-at="2020-08-08T11:48:56Z">
          <reporter-output>
          </reporter-output>
        </test-method> <!-- test1 -->
        <test-method status="PASS" signature="test2()[pri:0, instance:basicAnnotations.TestNgClass2@7dc7cbad]" name="test2" duration-ms="5" started-at="2020-08-08T11:48:56Z" finished-at="2020-08-08T11:48:56Z">
          <reporter-output>
          </reporter-output>
        </test-method> <!-- test2 -->
        <test-method status="PASS" signature="afterModule1()[pri:0, instance:basicAnnotations.TestNgClass2@7dc7cbad]" name="afterModule1" is-config="true" duration-ms="1" started-at="2020-08-08T11:48:56Z" finished-at="2020-08-08T11:48:56Z">
          <reporter-output>
          </reporter-output>
        </test-method> <!-- afterModule1 -->
      </class> <!-- basicAnnotations.TestNgClass2 -->
    </test> <!-- Module 1 -->
    <test name="Module 2" duration-ms="89" started-at="2020-08-08T06:18:57Z" finished-at="2020-08-08T06:18:57Z">
      <class name="basicAnnotations.TestNgClass4">
        <test-method status="PASS" signature="test1()[pri:0, instance:basicAnnotations.TestNgClass4@61832929]" name="test1" duration-ms="11" started-at="2020-08-08T11:48:57Z" finished-at="2020-08-08T11:48:57Z">
          <reporter-output>
          </reporter-output>
        </test-method> <!-- test1 -->
        <test-method status="PASS" signature="test2()[pri:0, instance:basicAnnotations.TestNgClass4@61832929]" name="test2" duration-ms="4" started-at="2020-08-08T11:48:57Z" finished-at="2020-08-08T11:48:57Z">
          <reporter-output>
          </reporter-output>
        </test-method> <!-- test2 -->
      </class> <!-- basicAnnotations.TestNgClass4 -->
      <class name="basicAnnotations.TestNgClass3">
        <test-method status="PASS" signature="beforeModule2()[pri:0, instance:basicAnnotations.TestNgClass3@5b275dab]" name="beforeModule2" is-config="true" duration-ms="1" started-at="2020-08-08T11:48:57Z" finished-at="2020-08-08T11:48:57Z">
          <reporter-output>
          </reporter-output>
        </test-method> <!-- beforeModule2 -->
        <test-method status="PASS" signature="test1()[pri:0, instance:basicAnnotations.TestNgClass3@5b275dab]" name="test1" duration-ms="6" started-at="2020-08-08T11:48:57Z" finished-at="2020-08-08T11:48:57Z">
          <reporter-output>
          </reporter-output>
        </test-method> <!-- test1 -->
        <test-method status="PASS" signature="test2()[pri:0, instance:basicAnnotations.TestNgClass3@5b275dab]" name="test2" duration-ms="9" started-at="2020-08-08T11:48:57Z" finished-at="2020-08-08T11:48:57Z">
          <reporter-output>
          </reporter-output>
        </test-method> <!-- test2 -->
        <test-method status="PASS" signature="afterModule2()[pri:0, instance:basicAnnotations.TestNgClass3@5b275dab]" name="afterModule2" is-config="true" duration-ms="22" started-at="2020-08-08T11:48:57Z" finished-at="2020-08-08T11:48:57Z">
          <reporter-output>
          </reporter-output>
        </test-method> <!-- afterModule2 -->
      </class> <!-- basicAnnotations.TestNgClass3 -->
      <class name="basicAnnotations.TestNGFirstClass">
        <test-method status="PASS" signature="beforeSuite()[pri:0, instance:basicAnnotations.TestNGFirstClass@5419f379]" name="beforeSuite" is-config="true" duration-ms="27" started-at="2020-08-08T11:48:56Z" finished-at="2020-08-08T11:48:56Z">
          <reporter-output>
          </reporter-output>
        </test-method> <!-- beforeSuite -->
        <test-method status="PASS" signature="afterSuite()[pri:0, instance:basicAnnotations.TestNGFirstClass@5419f379]" name="afterSuite" is-config="true" duration-ms="3" started-at="2020-08-08T11:48:57Z" finished-at="2020-08-08T11:48:57Z">
          <reporter-output>
          </reporter-output>
        </test-method> <!-- afterSuite -->
      </class> <!-- basicAnnotations.TestNGFirstClass -->
    </test> <!-- Module 2 -->
  </suite> <!-- Suite -->
</testng-results>
