<?xml version="1.0" encoding="UTF-8"?>
<!-- Generated by org.testng.reporters.JUnitXMLReporter -->
<testsuite hostname="DERIW42SLPC1327" ignored="0" name="Default test" tests="3" failures="0" timestamp="08 Aug 2020 05:36:21 GMT" time="0.29" errors="0">
  <testcase name="test1" time="0.029" classname="basicAnnotations.TestNGFirstClass"/>
  <testcase name="test2" time="0.013" classname="basicAnnotations.TestNGFirstClass"/>
  <testcase name="test3" time="0.006" classname="basicAnnotations.TestNGFirstClass"/>
</testsuite> <!-- Default test -->
