<?xml version="1.0" encoding="UTF-8"?>
<testng-results skipped="0" failed="0" ignored="0" total="1" passed="1">
  <reporter-output>
  </reporter-output>
  <suite name="Default suite" duration-ms="9890" started-at="2020-08-23T07:51:48Z" finished-at="2020-08-23T07:51:58Z">
    <groups>
    </groups>
    <test name="Default test" duration-ms="9890" started-at="2020-08-23T07:51:48Z" finished-at="2020-08-23T07:51:58Z">
      <class name="apiTesting.Test_Delete">
        <test-method status="PASS" signature="test4()[pri:0, instance:apiTesting.Test_Delete@4678c730]" name="test4" duration-ms="9789" started-at="2020-08-23T13:21:48Z" finished-at="2020-08-23T13:21:58Z">
          <reporter-output>
          </reporter-output>
        </test-method> <!-- test4 -->
      </class> <!-- apiTesting.Test_Delete -->
    </test> <!-- Default test -->
  </suite> <!-- Default suite -->
</testng-results>
