<?xml version="1.0" encoding="UTF-8"?>
<testng-results skipped="0" failed="0" ignored="0" total="1" passed="1">
  <reporter-output>
  </reporter-output>
  <suite name="Suite" duration-ms="106" started-at="2020-08-15T05:37:47Z" finished-at="2020-08-15T05:37:48Z">
    <groups>
    </groups>
    <test name="Test" duration-ms="106" started-at="2020-08-15T05:37:47Z" finished-at="2020-08-15T05:37:48Z">
      <class name="samplePackage.Testing">
        <test-method status="PASS" signature="test1()[pri:0, instance:samplePackage.Testing@4cc0edeb]" name="test1" duration-ms="24" started-at="2020-08-15T11:07:48Z" finished-at="2020-08-15T11:07:48Z">
          <reporter-output>
          </reporter-output>
        </test-method> <!-- test1 -->
      </class> <!-- samplePackage.Testing -->
    </test> <!-- Test -->
  </suite> <!-- Suite -->
</testng-results>
