<?xml version="1.0" encoding="UTF-8"?>
<!-- Generated by org.testng.reporters.JUnitXMLReporter -->
<testsuite hostname="DERIW42SLPC1327" ignored="0" name="Default test" tests="3" failures="0" timestamp="08 Aug 2020 07:14:11 GMT" time="0.159" errors="0">
  <testcase name="login" time="0.035" classname="testNgAttributes.TestNGDataProvider"/>
  <testcase name="login" time="0.006" classname="testNgAttributes.TestNGDataProvider"/>
  <testcase name="login" time="0.009" classname="testNgAttributes.TestNGDataProvider"/>
</testsuite> <!-- Default test -->
